setting 'ivy.default.settings.dir' to 'jar:file:/Users/poojaa/Downloads/play-2.0.2/framework/sbt/sbt-launch.jar!/org/apache/ivy/core/settings'
setting 'ivy.basedir' to '/Users/poojaa/bootcamp/placeIt/playsment/code/playsment/.'
setting 'ivy.default.conf.dir' to 'jar:file:/Users/poojaa/Downloads/play-2.0.2/framework/sbt/sbt-launch.jar!/org/apache/ivy/core/settings'
impossible to define new type: class not found: org.apache.ivy.plugins.version.PatternVersionMatcher in [] nor Ivy classloader
impossible to define new type: class not found: org.apache.ivy.plugins.trigger.LogTrigger in [] nor Ivy classloader
impossible to define new type: class not found: org.apache.ivy.plugins.resolver.DualResolver in [] nor Ivy classloader
impossible to define new type: class not found: org.apache.ivy.plugins.resolver.VsftpResolver in [] nor Ivy classloader
impossible to define new type: class not found: org.apache.ivy.plugins.conflict.RegexpConflictManager in [] nor Ivy classloader
impossible to define new type: class not found: org.apache.ivy.plugins.resolver.SshResolver in [] nor Ivy classloader
impossible to define new type: class not found: org.apache.ivy.plugins.resolver.VfsResolver in [] nor Ivy classloader
impossible to define new type: class not found: org.apache.ivy.plugins.signer.bouncycastle.OpenPGPSignatureGenerator in [] nor Ivy classloader
impossible to define new type: class not found: org.apache.ivy.plugins.resolver.SFTPResolver in [] nor Ivy classloader
impossible to define new type: class not found: org.apache.ivy.plugins.resolver.packager.PackagerResolver in [] nor Ivy classloader
impossible to define new type: class not found: org.apache.ivy.ant.AntCallTrigger in [] nor Ivy classloader
impossible to define new type: class not found: org.apache.ivy.plugins.resolver.IvyRepResolver in [] nor Ivy classloader
impossible to define new type: class not found: org.apache.ivy.ant.AntBuildTrigger in [] nor Ivy classloader
impossible to define glob matcher: org.apache.ivy.plugins.matcher.GlobPatternMatcher was not found.
setting 'sbt.ivy.home' to '/Users/poojaa/Downloads/play-2.0.2/framework/../repository'
setting 'java.runtime.name' to 'Java(TM) SE Runtime Environment'
setting 'sun.boot.library.path' to '/System/Library/Java/JavaVirtualMachines/1.6.0.jdk/Contents/Libraries'
setting 'java.vm.version' to '20.8-b03-424'
setting 'awt.nativeDoubleBuffering' to 'true'
setting 'gopherProxySet' to 'false'
setting 'mrj.build' to '11M3720'
setting 'java.vm.vendor' to 'Apple Inc.'
setting 'java.vendor.url' to 'http://www.apple.com/'
setting 'path.separator' to ':'
setting 'java.vm.name' to 'Java HotSpot(TM) 64-Bit Server VM'
setting 'file.encoding.pkg' to 'sun.io'
setting 'sun.java.launcher' to 'SUN_STANDARD'
setting 'user.country' to 'US'
setting 'sun.os.patch.level' to 'unknown'
setting 'java.vm.specification.name' to 'Java Virtual Machine Specification'
setting 'user.dir' to '/Users/poojaa/bootcamp/placeIt/playsment/code/playsment'
setting 'java.runtime.version' to '1.6.0_33-b03-424-11M3720'
setting 'sbt.boot.properties' to '/Users/poojaa/Downloads/play-2.0.2/framework/sbt/sbt.boot.properties'
setting 'java.awt.graphicsenv' to 'apple.awt.CGraphicsEnvironment'
setting 'java.endorsed.dirs' to '/System/Library/Java/JavaVirtualMachines/1.6.0.jdk/Contents/Home/lib/endorsed'
setting 'os.arch' to 'x86_64'
setting 'java.io.tmpdir' to '/var/folders/6z/333wf7hd2rq7q1qgzt_xk_400000gq/T/'
setting 'line.separator' to '
'
setting 'java.vm.specification.vendor' to 'Sun Microsystems Inc.'
setting 'os.name' to 'Mac OS X'
setting 'sun.jnu.encoding' to 'MacRoman'
setting 'java.library.path' to '.:/Users/poojaa/Library/Java/Extensions:/Library/Java/Extensions:/System/Library/Java/Extensions:/usr/lib/java'
setting 'java.specification.name' to 'Java Platform API Specification'
setting 'java.class.version' to '50.0'
setting 'play.home' to '/Users/poojaa/Downloads/play-2.0.2/framework'
setting 'sun.management.compiler' to 'HotSpot 64-Bit Tiered Compilers'
setting 'os.version' to '10.7.4'
setting 'user.home' to '/Users/poojaa'
setting 'user.timezone' to 'GMT+05:30'
setting 'java.awt.printerjob' to 'apple.awt.CPrinterJob'
setting 'file.encoding' to 'UTF8'
setting 'java.specification.version' to '1.6'
setting 'java.class.path' to '/Users/poojaa/Downloads/play-2.0.2/framework/sbt/sbt-launch.jar'
setting 'user.name' to 'poojaa'
setting 'play.version' to '2.0.2'
setting 'java.vm.specification.version' to '1.0'
setting 'sun.java.command' to '/Users/poojaa/Downloads/play-2.0.2/framework/sbt/sbt-launch.jar play'
setting 'java.home' to '/System/Library/Java/JavaVirtualMachines/1.6.0.jdk/Contents/Home'
setting 'sun.arch.data.model' to '64'
setting 'user.language' to 'en'
setting 'java.specification.vendor' to 'Sun Microsystems Inc.'
setting 'awt.toolkit' to 'apple.awt.CToolkit'
setting 'java.vm.info' to 'mixed mode'
setting 'java.version' to '1.6.0_33'
setting 'java.ext.dirs' to '/Users/poojaa/Library/Java/Extensions:/Library/Java/Extensions:/System/Library/Java/Extensions:/System/Library/Java/JavaVirtualMachines/1.6.0.jdk/Contents/Home/lib/ext'
setting 'sun.boot.class.path' to '/System/Library/Java/JavaVirtualMachines/1.6.0.jdk/Contents/Classes/jsfd.jar:/System/Library/Java/JavaVirtualMachines/1.6.0.jdk/Contents/Classes/classes.jar:/System/Library/Frameworks/JavaVM.framework/Frameworks/JavaRuntimeSupport.framework/Resources/Java/JavaRuntimeSupport.jar:/System/Library/Java/JavaVirtualMachines/1.6.0.jdk/Contents/Classes/ui.jar:/System/Library/Java/JavaVirtualMachines/1.6.0.jdk/Contents/Classes/laf.jar:/System/Library/Java/JavaVirtualMachines/1.6.0.jdk/Contents/Classes/sunrsasign.jar:/System/Library/Java/JavaVirtualMachines/1.6.0.jdk/Contents/Classes/jsse.jar:/System/Library/Java/JavaVirtualMachines/1.6.0.jdk/Contents/Classes/jce.jar:/System/Library/Java/JavaVirtualMachines/1.6.0.jdk/Contents/Classes/charsets.jar'
setting 'java.vendor' to 'Apple Inc.'
setting 'file.separator' to '/'
setting 'java.vendor.url.bug' to 'http://bugreport.apple.com/'
setting 'sun.io.unicode.encoding' to 'UnicodeLittle'
setting 'sun.cpu.endian' to 'little'
setting 'mrj.version' to '1070.1.6.0_33-424'
setting 'sun.cpu.isalist' to ''
setting 'ivy.default.ivy.user.dir' to '/Users/poojaa/Downloads/play-2.0.2/framework/../repository'
setting 'ivy.home' to '/Users/poojaa/Downloads/play-2.0.2/framework/../repository'
setting 'ivy.cache.dir' to '/Users/poojaa/Downloads/play-2.0.2/framework/../repository/cache'
no default cache defined: set to /Users/poojaa/Downloads/play-2.0.2/framework/../repository/cache
setting 'ivy.checksums' to 'sha1,md5'
setting 'ivy.basedir' to '/Users/poojaa/Downloads/play-2.0.2/framework/sbt/boot'
setting 'basedir' to '/Users/poojaa/Downloads/play-2.0.2/framework/sbt/boot'
setting 'scala' to '2.9.1'
:: resolving dependencies :: org.scala-sbt#boot-app;1.0
	confs: [default]
	validate = true
	refresh = false
resolving dependencies for configuration 'default'
== resolving dependencies for org.scala-sbt#boot-app;1.0 [default]
loadData of org.scala-sbt#boot-app;1.0 of rootConf=default
== resolving dependencies org.scala-sbt#boot-app;1.0->org.scala-sbt#sbt_2.9.1;0.11.2 [default->default(compile)]
loadData of org.scala-sbt#sbt_2.9.1;0.11.2 of rootConf=default
	using redefined-public to resolve org.scala-sbt#sbt_2.9.1;0.11.2
redefined-public: Checking cache for: dependency: org.scala-sbt#sbt_2.9.1;0.11.2 {default=[default(compile)]}
redefined-public: no namespace defined: using system
	no ivy file in cache for org.scala-sbt#sbt_2.9.1;0.11.2: tried /Users/poojaa/Downloads/play-2.0.2/framework/../repository/cache/org.scala-sbt/sbt_2.9.1/ivy-0.11.2.xml
redefined-public: no latest strategy defined: using default
local: no namespace defined: using system
	no ivy file in cache for org.scala-sbt#sbt_2.9.1;0.11.2: tried /Users/poojaa/Downloads/play-2.0.2/framework/../repository/cache/org.scala-sbt/sbt_2.9.1/ivy-0.11.2.xml
	 trying /Users/poojaa/Downloads/play-2.0.2/framework/../repository/local/org.scala-sbt/sbt_2.9.1/0.11.2/ivys/ivy.xml
		tried /Users/poojaa/Downloads/play-2.0.2/framework/../repository/local/org.scala-sbt/sbt_2.9.1/0.11.2/ivys/ivy.xml
	local: resource not reachable for org.scala-sbt#sbt_2.9.1;0.11.2: res=/Users/poojaa/Downloads/play-2.0.2/framework/../repository/local/org.scala-sbt/sbt_2.9.1/0.11.2/ivys/ivy.xml
	local: no ivy file found for org.scala-sbt#sbt_2.9.1;0.11.2
Maven2 Local: no namespace defined: using system
	no ivy file in cache for org.scala-sbt#sbt_2.9.1;0.11.2: tried /Users/poojaa/Downloads/play-2.0.2/framework/../repository/cache/org.scala-sbt/sbt_2.9.1/ivy-0.11.2.xml
	 trying file:///Users/poojaa/.m2/repository/org/scala-sbt/sbt_2.9.1/0.11.2/sbt_2.9.1-0.11.2.pom
		tried file:///Users/poojaa/.m2/repository/org/scala-sbt/sbt_2.9.1/0.11.2/sbt_2.9.1-0.11.2.pom
	Maven2 Local: resource not reachable for org/scala-sbt#sbt_2.9.1;0.11.2: res=file:/Users/poojaa/.m2/repository/org/scala-sbt/sbt_2.9.1/0.11.2/sbt_2.9.1-0.11.2.pom
	Maven2 Local: no ivy file found for org.scala-sbt#sbt_2.9.1;0.11.2
typesafe-ivy-releases: no namespace defined: using system
	no ivy file in cache for org.scala-sbt#sbt_2.9.1;0.11.2: tried /Users/poojaa/Downloads/play-2.0.2/framework/../repository/cache/org.scala-sbt/sbt_2.9.1/ivy-0.11.2.xml
	 trying http://repo.typesafe.com/typesafe/ivy-releases/org.scala-sbt/sbt_2.9.1/0.11.2/ivys/ivy.xml
		tried http://repo.typesafe.com/typesafe/ivy-releases/org.scala-sbt/sbt_2.9.1/0.11.2/ivys/ivy.xml
HTTP response status: 404 url=http://repo.typesafe.com/typesafe/ivy-releases/org.scala-sbt/sbt_2.9.1/0.11.2/ivys/ivy.xml
CLIENT ERROR: Not Found url=http://repo.typesafe.com/typesafe/ivy-releases/org.scala-sbt/sbt_2.9.1/0.11.2/ivys/ivy.xml
	typesafe-ivy-releases: resource not reachable for org.scala-sbt#sbt_2.9.1;0.11.2: res=http://repo.typesafe.com/typesafe/ivy-releases/org.scala-sbt/sbt_2.9.1/0.11.2/ivys/ivy.xml
	typesafe-ivy-releases: no ivy file found for org.scala-sbt#sbt_2.9.1;0.11.2
Maven Central: no namespace defined: using system
	no ivy file in cache for org.scala-sbt#sbt_2.9.1;0.11.2: tried /Users/poojaa/Downloads/play-2.0.2/framework/../repository/cache/org.scala-sbt/sbt_2.9.1/ivy-0.11.2.xml
	 trying http://repo1.maven.org/maven2/org/scala-sbt/sbt_2.9.1/0.11.2/sbt_2.9.1-0.11.2.pom
		tried http://repo1.maven.org/maven2/org/scala-sbt/sbt_2.9.1/0.11.2/sbt_2.9.1-0.11.2.pom
HTTP response status: 404 url=http://repo1.maven.org/maven2/org/scala-sbt/sbt_2.9.1/0.11.2/sbt_2.9.1-0.11.2.pom
CLIENT ERROR: Not Found url=http://repo1.maven.org/maven2/org/scala-sbt/sbt_2.9.1/0.11.2/sbt_2.9.1-0.11.2.pom
	Maven Central: resource not reachable for org/scala-sbt#sbt_2.9.1;0.11.2: res=http://repo1.maven.org/maven2/org/scala-sbt/sbt_2.9.1/0.11.2/sbt_2.9.1-0.11.2.pom
	Maven Central: no ivy file found for org.scala-sbt#sbt_2.9.1;0.11.2
WARN: 	module not found: org.scala-sbt#sbt_2.9.1;0.11.2
WARN: ==== local: tried
WARN:   /Users/poojaa/Downloads/play-2.0.2/framework/../repository/local/org.scala-sbt/sbt_2.9.1/0.11.2/ivys/ivy.xml
WARN: ==== Maven2 Local: tried
WARN:   file:///Users/poojaa/.m2/repository/org/scala-sbt/sbt_2.9.1/0.11.2/sbt_2.9.1-0.11.2.pom
WARN: ==== typesafe-ivy-releases: tried
WARN:   http://repo.typesafe.com/typesafe/ivy-releases/org.scala-sbt/sbt_2.9.1/0.11.2/ivys/ivy.xml
WARN: ==== Maven Central: tried
WARN:   http://repo1.maven.org/maven2/org/scala-sbt/sbt_2.9.1/0.11.2/sbt_2.9.1-0.11.2.pom
Nbr of module to sort : 0
	resolved ivy file produced in /Users/poojaa/Downloads/play-2.0.2/framework/../repository/cache/resolved-org.scala-sbt-boot-app-1.0.xml
:: downloading artifacts ::
:: resolution report :: resolve 16354ms :: artifacts dl 0ms
WARN: 	::::::::::::::::::::::::::::::::::::::::::::::
WARN: 	::          UNRESOLVED DEPENDENCIES         ::
WARN: 	::::::::::::::::::::::::::::::::::::::::::::::
WARN: 	:: org.scala-sbt#sbt_2.9.1;0.11.2: not found
WARN: 	::::::::::::::::::::::::::::::::::::::::::::::

Nbr of module to sort : 0
	report for org.scala-sbt#boot-app;1.0 default produced in /Users/poojaa/Downloads/play-2.0.2/framework/../repository/cache/org.scala-sbt-boot-app-default.xml
	resolve done (16354ms resolve - 0ms download)

:: problems summary ::
:::: WARNINGS
		module not found: org.scala-sbt#sbt_2.9.1;0.11.2

	==== local: tried

	  /Users/poojaa/Downloads/play-2.0.2/framework/../repository/local/org.scala-sbt/sbt_2.9.1/0.11.2/ivys/ivy.xml

	==== Maven2 Local: tried

	  file:///Users/poojaa/.m2/repository/org/scala-sbt/sbt_2.9.1/0.11.2/sbt_2.9.1-0.11.2.pom

	==== typesafe-ivy-releases: tried

	  http://repo.typesafe.com/typesafe/ivy-releases/org.scala-sbt/sbt_2.9.1/0.11.2/ivys/ivy.xml

	==== Maven Central: tried

	  http://repo1.maven.org/maven2/org/scala-sbt/sbt_2.9.1/0.11.2/sbt_2.9.1-0.11.2.pom

		::::::::::::::::::::::::::::::::::::::::::::::

		::          UNRESOLVED DEPENDENCIES         ::

		::::::::::::::::::::::::::::::::::::::::::::::

		:: org.scala-sbt#sbt_2.9.1;0.11.2: not found

		::::::::::::::::::::::::::::::::::::::::::::::



:: USE VERBOSE OR DEBUG MESSAGE LEVEL FOR MORE DETAILS
java.lang.RuntimeException: not found
	at org.apache.ivy.core.resolve.IvyNode.loadData(IvyNode.java:237)
	at org.apache.ivy.core.resolve.VisitNode.loadData(VisitNode.java:287)
	at org.apache.ivy.core.resolve.ResolveEngine.fetchDependencies(ResolveEngine.java:696)
	at org.apache.ivy.core.resolve.ResolveEngine.doFetchDependencies(ResolveEngine.java:781)
	at org.apache.ivy.core.resolve.ResolveEngine.fetchDependencies(ResolveEngine.java:704)
	at org.apache.ivy.core.resolve.ResolveEngine.getDependencies(ResolveEngine.java:576)
	at org.apache.ivy.core.resolve.ResolveEngine.resolve(ResolveEngine.java:237)
	at xsbt.boot.Update.xsbt$boot$Update$$lockedApply(JavaConversions.scala:94)
	at xsbt.boot.Update$$anon$3.call(Update.scala:88)
	at xsbt.boot.Locks$GlobalLock.withChannel$1(Locks.scala:75)
	at xsbt.boot.Locks$GlobalLock.withChannelRetries$1(Locks.scala:58)
	at xsbt.boot.Locks$GlobalLock$$anonfun$withFileLock$1.apply(Locks.scala:79)
	at xsbt.boot.Using$.withResource(Using.scala:11)
	at xsbt.boot.Using$.apply(Using.scala:10)
	at xsbt.boot.Locks$GlobalLock.liftedTree1$1(Locks.scala:51)
	at xsbt.boot.Locks$GlobalLock.withLock(Locks.scala:51)
	at xsbt.boot.Locks$.apply0(Locks.scala:30)
	at xsbt.boot.Locks$.apply(Locks.scala:27)
	at xsbt.boot.Update.apply(JavaConversions.scala:89)
	at xsbt.boot.Provider$initialize.call(Provider.scala:34)
	at xsbt.boot.Locks$GlobalLock.withChannel$1(Locks.scala:75)
	at xsbt.boot.Locks$GlobalLock.withChannelRetries$1(Locks.scala:58)
	at xsbt.boot.Locks$GlobalLock$$anonfun$withFileLock$1.apply(Locks.scala:79)
	at xsbt.boot.Using$.withResource(Using.scala:11)
	at xsbt.boot.Using$.apply(Using.scala:10)
	at xsbt.boot.Locks$GlobalLock.liftedTree1$1(Locks.scala:51)
	at xsbt.boot.Locks$GlobalLock.withLock(Locks.scala:51)
	at xsbt.boot.Locks$.apply0(Locks.scala:30)
	at xsbt.boot.Locks$.apply(Locks.scala:27)
	at scala.collection.mutable.FlatHashTable$class.$init$(Proxy.scala:32)
	at xsbt.boot.Launch$ScalaProvider$AppProvider.<init>(Launch.scala:130)
	at xsbt.boot.Launch$ScalaProvider.app(Launch.scala:128)
	at xsbt.boot.Launch$.run(Launch.scala:50)
	at xsbt.boot.Launch$$anonfun$explicit$1.apply(Launch.scala:43)
	at xsbt.boot.Launch$.launch(Launch.scala:68)
	at xsbt.boot.Launch$.apply(Launch.scala:14)
	at xsbt.boot.Boot$.runImpl(Boot.scala:25)
	at xsbt.boot.Boot$.main(Boot.scala:15)
	at xsbt.boot.Boot.main(Boot.scala)
Error during sbt execution: Error retrieving required libraries
	at xsbt.boot.Pre$.error(Pre.scala:19)
	at xsbt.boot.Update.xsbt$boot$Update$$lockedApply(JavaConversions.scala:94)
	at xsbt.boot.Update$$anon$3.call(Update.scala:88)
	at xsbt.boot.Locks$GlobalLock.withChannel$1(Locks.scala:75)
	at xsbt.boot.Locks$GlobalLock.withChannelRetries$1(Locks.scala:58)
	at xsbt.boot.Locks$GlobalLock$$anonfun$withFileLock$1.apply(Locks.scala:79)
	at xsbt.boot.Using$.withResource(Using.scala:11)
	at xsbt.boot.Using$.apply(Using.scala:10)
	at xsbt.boot.Locks$GlobalLock.liftedTree1$1(Locks.scala:51)
	at xsbt.boot.Locks$GlobalLock.withLock(Locks.scala:51)
	at xsbt.boot.Locks$.apply0(Locks.scala:30)
	at xsbt.boot.Locks$.apply(Locks.scala:27)
	at xsbt.boot.Update.apply(JavaConversions.scala:89)
	at xsbt.boot.Provider$initialize.call(Provider.scala:34)
	at xsbt.boot.Locks$GlobalLock.withChannel$1(Locks.scala:75)
	at xsbt.boot.Locks$GlobalLock.withChannelRetries$1(Locks.scala:58)
	at xsbt.boot.Locks$GlobalLock$$anonfun$withFileLock$1.apply(Locks.scala:79)
	at xsbt.boot.Using$.withResource(Using.scala:11)
	at xsbt.boot.Using$.apply(Using.scala:10)
	at xsbt.boot.Locks$GlobalLock.liftedTree1$1(Locks.scala:51)
	at xsbt.boot.Locks$GlobalLock.withLock(Locks.scala:51)
	at xsbt.boot.Locks$.apply0(Locks.scala:30)
	at xsbt.boot.Locks$.apply(Locks.scala:27)
	at scala.collection.mutable.FlatHashTable$class.$init$(Proxy.scala:32)
	at xsbt.boot.Launch$ScalaProvider$AppProvider.<init>(Launch.scala:130)
	at xsbt.boot.Launch$ScalaProvider.app(Launch.scala:128)
	at xsbt.boot.Launch$.run(Launch.scala:50)
	at xsbt.boot.Launch$$anonfun$explicit$1.apply(Launch.scala:43)
	at xsbt.boot.Launch$.launch(Launch.scala:68)
	at xsbt.boot.Launch$.apply(Launch.scala:14)
	at xsbt.boot.Boot$.runImpl(Boot.scala:25)
	at xsbt.boot.Boot$.main(Boot.scala:15)
	at xsbt.boot.Boot.main(Boot.scala)
Error during sbt execution: Error retrieving required libraries
